# JRE version: Java(TM) SE Runtime Environment (7.0_80-b15) (build 1.7.0_80-b15)
# Java VM: Java HotSpot(TM) 64-Bit Server VM (24.80-b11 mixed mode windows-amd64 compressed oops)
Heap
 par new generation   total 78464K, used 36523K [0x0000000770000000, 0x0000000775520000, 0x0000000784cc0000)
  eden space 69760K,  50% used [0x0000000770000000, 0x0000000772245c80, 0x0000000774420000)
  from space 8704K,  16% used [0x0000000774ca0000, 0x0000000774e04fd8, 0x0000000775520000)
  to   space 8704K,   0% used [0x0000000774420000, 0x0000000774420000, 0x0000000774ca0000)
 concurrent mark-sweep generation total 586160K, used 397275K [0x0000000784cc0000, 0x00000007a892c000, 0x00000007f0000000)
 concurrent-mark-sweep perm gen total 114232K, used 68735K [0x00000007f0000000, 0x00000007f6f8e000, 0x0000000800000000)
GC Heap History (10 events):
Event: 561.898 GC heap before
{Heap before GC invocations=57 (full 10):
 par new generation   total 78464K, used 72525K [0x0000000770000000, 0x0000000775520000, 0x0000000784cc0000)
  eden space 69760K, 100% used [0x0000000770000000, 0x0000000774420000, 0x0000000774420000)
  from space 8704K,  31% used [0x0000000774420000, 0x00000007746d3720, 0x0000000774ca0000)
  to   space 8704K,   0% used [0x0000000774ca0000, 0x0000000774ca0000, 0x0000000775520000)
 concurrent mark-sweep generation total 586160K, used 397233K [0x0000000784cc0000, 0x00000007a892c000, 0x00000007f0000000)
 concurrent-mark-sweep perm gen total 114232K, used 68628K [0x00000007f0000000, 0x00000007f6f8e000, 0x0000000800000000)
Event: 561.900 GC heap after
Heap after GC invocations=58 (full 10):
 par new generation   total 78464K, used 1941K [0x0000000770000000, 0x0000000775520000, 0x0000000784cc0000)
  eden space 69760K,   0% used [0x0000000770000000, 0x0000000770000000, 0x0000000774420000)
  from space 8704K,  22% used [0x0000000774ca0000, 0x0000000774e85418, 0x0000000775520000)
  to   space 8704K,   0% used [0x0000000774420000, 0x0000000774420000, 0x0000000774ca0000)
 concurrent mark-sweep generation total 586160K, used 397233K [0x0000000784cc0000, 0x00000007a892c000, 0x00000007f0000000)
 concurrent-mark-sweep perm gen total 114232K, used 68628K [0x00000007f0000000, 0x00000007f6f8e000, 0x0000000800000000)
}
Event: 562.810 GC heap before
{Heap before GC invocations=58 (full 10):
 par new generation   total 78464K, used 71701K [0x0000000770000000, 0x0000000775520000, 0x0000000784cc0000)
  eden space 69760K, 100% used [0x0000000770000000, 0x0000000774420000, 0x0000000774420000)
  from space 8704K,  22% used [0x0000000774ca0000, 0x0000000774e85418, 0x0000000775520000)
  to   space 8704K,   0% used [0x0000000774420000, 0x0000000774420000, 0x0000000774ca0000)
 concurrent mark-sweep generation total 586160K, used 397233K [0x0000000784cc0000, 0x00000007a892c000, 0x00000007f0000000)
 concurrent-mark-sweep perm gen total 114232K, used 68628K [0x00000007f0000000, 0x00000007f6f8e000, 0x0000000800000000)
Event: 562.813 GC heap after
Heap after GC invocations=59 (full 10):
 par new generation   total 78464K, used 3315K [0x0000000770000000, 0x0000000775520000, 0x0000000784cc0000)
  eden space 69760K,   0% used [0x0000000770000000, 0x0000000770000000, 0x0000000774420000)
  from space 8704K,  38% used [0x0000000774420000, 0x000000077475cd40, 0x0000000774ca0000)
  to   space 8704K,   0% used [0x0000000774ca0000, 0x0000000774ca0000, 0x0000000775520000)
 concurrent mark-sweep generation total 586160K, used 397272K [0x0000000784cc0000, 0x00000007a892c000, 0x00000007f0000000)
 concurrent-mark-sweep perm gen total 114232K, used 68628K [0x00000007f0000000, 0x00000007f6f8e000, 0x0000000800000000)
}
Event: 563.183 GC heap before
{Heap before GC invocations=59 (full 10):
 par new generation   total 78464K, used 73075K [0x0000000770000000, 0x0000000775520000, 0x0000000784cc0000)
  eden space 69760K, 100% used [0x0000000770000000, 0x0000000774420000, 0x0000000774420000)
  from space 8704K,  38% used [0x0000000774420000, 0x000000077475cd40, 0x0000000774ca0000)
  to   space 8704K,   0% used [0x0000000774ca0000, 0x0000000774ca0000, 0x0000000775520000)
 concurrent mark-sweep generation total 586160K, used 397272K [0x0000000784cc0000, 0x00000007a892c000, 0x00000007f0000000)
 concurrent-mark-sweep perm gen total 114232K, used 68628K [0x00000007f0000000, 0x00000007f6f8e000, 0x0000000800000000)
Event: 563.188 GC heap after
Heap after GC invocations=60 (full 10):
 par new generation   total 78464K, used 2230K [0x0000000770000000, 0x0000000775520000, 0x0000000784cc0000)
  eden space 69760K,   0% used [0x0000000770000000, 0x0000000770000000, 0x0000000774420000)
  from space 8704K,  25% used [0x0000000774ca0000, 0x0000000774ecdb80, 0x0000000775520000)
  to   space 8704K,   0% used [0x0000000774420000, 0x0000000774420000, 0x0000000774ca0000)
 concurrent mark-sweep generation total 586160K, used 397274K [0x0000000784cc0000, 0x00000007a892c000, 0x00000007f0000000)
 concurrent-mark-sweep perm gen total 114232K, used 68628K [0x00000007f0000000, 0x00000007f6f8e000, 0x0000000800000000)
}
Event: 603.696 GC heap before
{Heap before GC invocations=60 (full 10):
 par new generation   total 78464K, used 71990K [0x0000000770000000, 0x0000000775520000, 0x0000000784cc0000)
  eden space 69760K, 100% used [0x0000000770000000, 0x0000000774420000, 0x0000000774420000)
  from space 8704K,  25% used [0x0000000774ca0000, 0x0000000774ecdb80, 0x0000000775520000)
  to   space 8704K,   0% used [0x0000000774420000, 0x0000000774420000, 0x0000000774ca0000)
 concurrent mark-sweep generation total 586160K, used 397274K [0x0000000784cc0000, 0x00000007a892c000, 0x00000007f0000000)
 concurrent-mark-sweep perm gen total 114232K, used 68668K [0x00000007f0000000, 0x00000007f6f8e000, 0x0000000800000000)
Event: 603.700 GC heap after
Heap after GC invocations=61 (full 10):
 par new generation   total 78464K, used 1189K [0x0000000770000000, 0x0000000775520000, 0x0000000784cc0000)
  eden space 69760K,   0% used [0x0000000770000000, 0x0000000770000000, 0x0000000774420000)
  from space 8704K,  13% used [0x0000000774420000, 0x0000000774549700, 0x0000000774ca0000)
  to   space 8704K,   0% used [0x0000000774ca0000, 0x0000000774ca0000, 0x0000000775520000)
 concurrent mark-sweep generation total 586160K, used 397274K [0x0000000784cc0000, 0x00000007a892c000, 0x00000007f0000000)
 concurrent-mark-sweep perm gen total 114232K, used 68668K [0x00000007f0000000, 0x00000007f6f8e000, 0x0000000800000000)
}
Event: 787.784 GC heap before
{Heap before GC invocations=61 (full 10):
 par new generation   total 78464K, used 70949K [0x0000000770000000, 0x0000000775520000, 0x0000000784cc0000)
  eden space 69760K, 100% used [0x0000000770000000, 0x0000000774420000, 0x0000000774420000)
  from space 8704K,  13% used [0x0000000774420000, 0x0000000774549700, 0x0000000774ca0000)
  to   space 8704K,   0% used [0x0000000774ca0000, 0x0000000774ca0000, 0x0000000775520000)
 concurrent mark-sweep generation total 586160K, used 397274K [0x0000000784cc0000, 0x00000007a892c000, 0x00000007f0000000)
 concurrent-mark-sweep perm gen total 114232K, used 68692K [0x00000007f0000000, 0x00000007f6f8e000, 0x0000000800000000)
Event: 787.787 GC heap after
Heap after GC invocations=62 (full 10):
 par new generation   total 78464K, used 1427K [0x0000000770000000, 0x0000000775520000, 0x0000000784cc0000)
  eden space 69760K,   0% used [0x0000000770000000, 0x0000000770000000, 0x0000000774420000)
  from space 8704K,  16% used [0x0000000774ca0000, 0x0000000774e04fd8, 0x0000000775520000)
  to   space 8704K,   0% used [0x0000000774420000, 0x0000000774420000, 0x0000000774ca0000)
 concurrent mark-sweep generation total 586160K, used 397275K [0x0000000784cc0000, 0x00000007a892c000, 0x00000007f0000000)
 concurrent-mark-sweep perm gen total 114232K, used 68692K [0x00000007f0000000, 0x00000007f6f8e000, 0x0000000800000000)
}

