# JRE version: Java(TM) SE Runtime Environment (7.0_80-b15) (build 1.7.0_80-b15)
# Java VM: Java HotSpot(TM) 64-Bit Server VM (24.80-b11 mixed mode windows-amd64 compressed oops)
Heap
 par new generation   total 78464K, used 65230K [0x0000000770000000, 0x0000000775520000, 0x0000000784cc0000)
  eden space 69760K,  85% used [0x0000000770000000, 0x0000000773a6d790, 0x0000000774420000)
  from space 8704K,  62% used [0x0000000774ca0000, 0x00000007751e6300, 0x0000000775520000)
  to   space 8704K,   0% used [0x0000000774420000, 0x0000000774420000, 0x0000000774ca0000)
 concurrent mark-sweep generation total 174208K, used 49819K [0x0000000784cc0000, 0x000000078f6e0000, 0x00000007f0000000)
 concurrent-mark-sweep perm gen total 110452K, used 66588K [0x00000007f0000000, 0x00000007f6bdd000, 0x0000000800000000)
GC Heap History (10 events):
Event: 19.346 GC heap before
{Heap before GC invocations=19 (full 3):
 par new generation   total 78464K, used 78464K [0x0000000770000000, 0x0000000775520000, 0x0000000784cc0000)
  eden space 69760K, 100% used [0x0000000770000000, 0x0000000774420000, 0x0000000774420000)
  from space 8704K, 100% used [0x0000000774420000, 0x0000000774ca0000, 0x0000000774ca0000)
  to   space 8704K,   0% used [0x0000000774ca0000, 0x0000000774ca0000, 0x0000000775520000)
 concurrent mark-sweep generation total 174208K, used 42824K [0x0000000784cc0000, 0x000000078f6e0000, 0x00000007f0000000)
 concurrent-mark-sweep perm gen total 70992K, used 55980K [0x00000007f0000000, 0x00000007f4554000, 0x0000000800000000)
Event: 19.356 GC heap after
Heap after GC invocations=20 (full 3):
 par new generation   total 78464K, used 8704K [0x0000000770000000, 0x0000000775520000, 0x0000000784cc0000)
  eden space 69760K,   0% used [0x0000000770000000, 0x0000000770000000, 0x0000000774420000)
  from space 8704K, 100% used [0x0000000774ca0000, 0x0000000775520000, 0x0000000775520000)
  to   space 8704K,   0% used [0x0000000774420000, 0x0000000774420000, 0x0000000774ca0000)
 concurrent mark-sweep generation total 174208K, used 48422K [0x0000000784cc0000, 0x000000078f6e0000, 0x00000007f0000000)
 concurrent-mark-sweep perm gen total 70992K, used 55980K [0x00000007f0000000, 0x00000007f4554000, 0x0000000800000000)
}
Event: 20.078 GC heap before
{Heap before GC invocations=20 (full 3):
 par new generation   total 78464K, used 78464K [0x0000000770000000, 0x0000000775520000, 0x0000000784cc0000)
  eden space 69760K, 100% used [0x0000000770000000, 0x0000000774420000, 0x0000000774420000)
  from space 8704K, 100% used [0x0000000774ca0000, 0x0000000775520000, 0x0000000775520000)
  to   space 8704K,   0% used [0x0000000774420000, 0x0000000774420000, 0x0000000774ca0000)
 concurrent mark-sweep generation total 174208K, used 48422K [0x0000000784cc0000, 0x000000078f6e0000, 0x00000007f0000000)
 concurrent-mark-sweep perm gen total 70992K, used 58578K [0x00000007f0000000, 0x00000007f4554000, 0x0000000800000000)
Event: 20.086 GC heap after
Heap after GC invocations=21 (full 3):
 par new generation   total 78464K, used 8401K [0x0000000770000000, 0x0000000775520000, 0x0000000784cc0000)
  eden space 69760K,   0% used [0x0000000770000000, 0x0000000770000000, 0x0000000774420000)
  from space 8704K,  96% used [0x0000000774420000, 0x0000000774c54650, 0x0000000774ca0000)
  to   space 8704K,   0% used [0x0000000774ca0000, 0x0000000774ca0000, 0x0000000775520000)
 concurrent mark-sweep generation total 174208K, used 51617K [0x0000000784cc0000, 0x000000078f6e0000, 0x00000007f0000000)
 concurrent-mark-sweep perm gen total 70992K, used 58578K [0x00000007f0000000, 0x00000007f4554000, 0x0000000800000000)
}
Event: 20.681 GC heap before
{Heap before GC invocations=21 (full 3):
 par new generation   total 78464K, used 78161K [0x0000000770000000, 0x0000000775520000, 0x0000000784cc0000)
  eden space 69760K, 100% used [0x0000000770000000, 0x0000000774420000, 0x0000000774420000)
  from space 8704K,  96% used [0x0000000774420000, 0x0000000774c54650, 0x0000000774ca0000)
  to   space 8704K,   0% used [0x0000000774ca0000, 0x0000000774ca0000, 0x0000000775520000)
 concurrent mark-sweep generation total 174208K, used 51617K [0x0000000784cc0000, 0x000000078f6e0000, 0x00000007f0000000)
 concurrent-mark-sweep perm gen total 70992K, used 61242K [0x00000007f0000000, 0x00000007f4554000, 0x0000000800000000)
Event: 20.688 GC heap after
Heap after GC invocations=22 (full 3):
 par new generation   total 78464K, used 7088K [0x0000000770000000, 0x0000000775520000, 0x0000000784cc0000)
  eden space 69760K,   0% used [0x0000000770000000, 0x0000000770000000, 0x0000000774420000)
  from space 8704K,  81% used [0x0000000774ca0000, 0x000000077538c350, 0x0000000775520000)
  to   space 8704K,   0% used [0x0000000774420000, 0x0000000774420000, 0x0000000774ca0000)
 concurrent mark-sweep generation total 174208K, used 53985K [0x0000000784cc0000, 0x000000078f6e0000, 0x00000007f0000000)
 concurrent-mark-sweep perm gen total 70992K, used 61242K [0x00000007f0000000, 0x00000007f4554000, 0x0000000800000000)
}
Event: 28.268 GC heap before
{Heap before GC invocations=22 (full 3):
 par new generation   total 78464K, used 76848K [0x0000000770000000, 0x0000000775520000, 0x0000000784cc0000)
  eden space 69760K, 100% used [0x0000000770000000, 0x0000000774420000, 0x0000000774420000)
  from space 8704K,  81% used [0x0000000774ca0000, 0x000000077538c350, 0x0000000775520000)
  to   space 8704K,   0% used [0x0000000774420000, 0x0000000774420000, 0x0000000774ca0000)
 concurrent mark-sweep generation total 174208K, used 53985K [0x0000000784cc0000, 0x000000078f6e0000, 0x00000007f0000000)
 concurrent-mark-sweep perm gen total 70992K, used 63343K [0x00000007f0000000, 0x00000007f4554000, 0x0000000800000000)
Event: 28.274 GC heap after
Heap after GC invocations=23 (full 3):
 par new generation   total 78464K, used 5379K [0x0000000770000000, 0x0000000775520000, 0x0000000784cc0000)
  eden space 69760K,   0% used [0x0000000770000000, 0x0000000770000000, 0x0000000774420000)
  from space 8704K,  61% used [0x0000000774420000, 0x0000000774960dc0, 0x0000000774ca0000)
  to   space 8704K,   0% used [0x0000000774ca0000, 0x0000000774ca0000, 0x0000000775520000)
 concurrent mark-sweep generation total 174208K, used 56133K [0x0000000784cc0000, 0x000000078f6e0000, 0x00000007f0000000)
 concurrent-mark-sweep perm gen total 70992K, used 63343K [0x00000007f0000000, 0x00000007f4554000, 0x0000000800000000)
}
Event: 28.939 GC heap before
{Heap before GC invocations=23 (full 3):
 par new generation   total 78464K, used 75139K [0x0000000770000000, 0x0000000775520000, 0x0000000784cc0000)
  eden space 69760K, 100% used [0x0000000770000000, 0x0000000774420000, 0x0000000774420000)
  from space 8704K,  61% used [0x0000000774420000, 0x0000000774960dc0, 0x0000000774ca0000)
  to   space 8704K,   0% used [0x0000000774ca0000, 0x0000000774ca0000, 0x0000000775520000)
 concurrent mark-sweep generation total 174208K, used 56133K [0x0000000784cc0000, 0x000000078f6e0000, 0x00000007f0000000)
 concurrent-mark-sweep perm gen total 70992K, used 65395K [0x00000007f0000000, 0x00000007f4554000, 0x0000000800000000)
Event: 28.943 GC heap after
Heap after GC invocations=24 (full 3):
 par new generation   total 78464K, used 5400K [0x0000000770000000, 0x0000000775520000, 0x0000000784cc0000)
  eden space 69760K,   0% used [0x0000000770000000, 0x0000000770000000, 0x0000000774420000)
  from space 8704K,  62% used [0x0000000774ca0000, 0x00000007751e6300, 0x0000000775520000)
  to   space 8704K,   0% used [0x0000000774420000, 0x0000000774420000, 0x0000000774ca0000)
 concurrent mark-sweep generation total 174208K, used 56133K [0x0000000784cc0000, 0x000000078f6e0000, 0x00000007f0000000)
 concurrent-mark-sweep perm gen total 70992K, used 65395K [0x00000007f0000000, 0x00000007f4554000, 0x0000000800000000)
}

